<?xml version="1.0" encoding="UTF-8"?>
<testsuite xmlns:xsi="http://www.w3.org/2001/XMLSchema-instance" xsi:noNamespaceSchemaLocation="https://maven.apache.org/surefire/maven-surefire-plugin/xsd/surefire-test-report-3.0.xsd" version="3.0" name="br.com.fiap.coletalixo.ColetalixoApplicationTests" time="2.69" tests="1" errors="0" skipped="0" failures="1">
  <properties>
[...]
</properties>
  <testcase name="contextLoads" classname="br.com.fiap.coletalixo.ColetalixoApplicationTests" time="0.258">
    <failure message="Teste CI com erro no test" type="org.opentest4j.AssertionFailedError"><![CDATA[org.opentest4j.AssertionFailedError: Teste CI com erro no test
	at org.junit.jupiter.api.AssertionUtils.fail(AssertionUtils.java:38)
	at org.junit.jupiter.api.Assertions.fail(Assertions.java:138)
	at br.com.fiap.coletalixo.ColetalixoApplicationTests.contextLoads(ColetalixoApplicationTests.java:13)
	at java.base/java.lang.reflect.Method.invoke(Method.java:580)
	at java.base/java.util.ArrayList.forEach(ArrayList.java:1596)
	at java.base/java.util.ArrayList.forEach(ArrayList.java:1596)
]]></failure>
    <system-out><![CDATA[15:31:39.451 [main] INFO org.springframework.test.context.support.AnnotationConfigContextLoaderUtils -- Could not detect default configuration classes for test class [br.com.fiap.coletalixo.ColetalixoApplicationTests]: ColetalixoApplicationTests does not declare any static, non-private, non-final, nested classes annotated with @Configuration.
15:31:39.484 [main] INFO org.springframework.boot.test.context.SpringBootTestContextBootstrapper -- Found @SpringBootConfiguration br.com.fiap.coletalixo.ColetalixoApplication for test class br.com.fiap.coletalixo.ColetalixoApplicationTests

  .   ____          _            __ _ _
 /\\ / ___'_ __ _ _(_)_ __  __ _ \ \ \ \
( ( )\___ | '_ | '_| | '_ \/ _` | \ \ \ \
 \\/  ___)| |_)| | | | | || (_| |  ) ) ) )
  '  |____| .__|_| |_|_| |_\__, | / / / /
 =========|_|==============|___/=/_/_/_/

 :: Spring Boot ::                (v3.3.4)

2025-04-12T15:31:39.599-03:00  INFO 32677 --- [coletalixo] [           main] b.c.f.c.ColetalixoApplicationTests       : Starting ColetalixoApplicationTests using Java 21.0.6 with PID 32677 (started by guilsferreir in /Users/guilsferreir/fontes/coletalixo)
2025-04-12T15:31:39.599-03:00  INFO 32677 --- [coletalixo] [           main] b.c.f.c.ColetalixoApplicationTests       : No active profile set, falling back to 1 default profile: "default"
2025-04-12T15:31:39.818-03:00  INFO 32677 --- [coletalixo] [           main] .s.d.r.c.RepositoryConfigurationDelegate : Bootstrapping Spring Data JPA repositories in DEFAULT mode.
2025-04-12T15:31:39.836-03:00  INFO 32677 --- [coletalixo] [           main] .s.d.r.c.RepositoryConfigurationDelegate : Finished Spring Data repository scanning in 15 ms. Found 2 JPA repository interfaces.
2025-04-12T15:31:40.027-03:00  INFO 32677 --- [coletalixo] [           main] o.f.c.internal.license.VersionPrinter    : Flyway Community Edition 9.0.0 by Redgate
2025-04-12T15:31:40.027-03:00  INFO 32677 --- [coletalixo] [           main] o.f.c.internal.license.VersionPrinter    : See what's new here: https://flywaydb.org/documentation/learnmore/releaseNotes#9.0.0
2025-04-12T15:31:40.027-03:00  INFO 32677 --- [coletalixo] [           main] o.f.c.internal.license.VersionPrinter    : 
2025-04-12T15:31:40.029-03:00  INFO 32677 --- [coletalixo] [           main] com.zaxxer.hikari.HikariDataSource       : HikariPool-1 - Starting...
2025-04-12T15:31:40.652-03:00  INFO 32677 --- [coletalixo] [           main] com.zaxxer.hikari.pool.HikariPool        : HikariPool-1 - Added connection oracle.jdbc.driver.T4CConnection@60dc1a4e
2025-04-12T15:31:40.653-03:00  INFO 32677 --- [coletalixo] [           main] com.zaxxer.hikari.HikariDataSource       : HikariPool-1 - Start completed.
2025-04-12T15:31:40.656-03:00  INFO 32677 --- [coletalixo] [           main] o.f.c.i.database.base.BaseDatabaseType   : Database: jdbc:oracle:thin:@oracle.fiap.com.br:1521:ORCL (Oracle 19.0)
2025-04-12T15:31:40.805-03:00  INFO 32677 --- [coletalixo] [           main] o.f.core.internal.command.DbValidate     : Successfully validated 1 migration (execution time 00:00.037s)
2025-04-12T15:31:40.957-03:00  INFO 32677 --- [coletalixo] [           main] o.f.core.internal.command.DbMigrate      : Current version of schema "RM553287": 1
2025-04-12T15:31:40.973-03:00  INFO 32677 --- [coletalixo] [           main] o.f.core.internal.command.DbMigrate      : Schema "RM553287" is up to date. No migration necessary.
2025-04-12T15:31:41.046-03:00  INFO 32677 --- [coletalixo] [           main] o.hibernate.jpa.internal.util.LogHelper  : HHH000204: Processing PersistenceUnitInfo [name: default]
2025-04-12T15:31:41.067-03:00  INFO 32677 --- [coletalixo] [           main] org.hibernate.Version                    : HHH000412: Hibernate ORM core version 6.5.3.Final
2025-04-12T15:31:41.078-03:00  INFO 32677 --- [coletalixo] [           main] o.h.c.internal.RegionFactoryInitiator    : HHH000026: Second-level cache disabled
2025-04-12T15:31:41.174-03:00  INFO 32677 --- [coletalixo] [           main] o.s.o.j.p.SpringPersistenceUnitInfo      : No LoadTimeWeaver setup: ignoring JPA class transformer
2025-04-12T15:31:41.535-03:00  INFO 32677 --- [coletalixo] [           main] o.h.e.t.j.p.i.JtaPlatformInitiator       : HHH000489: No JTA platform available (set 'hibernate.transaction.jta.platform' to enable JTA platform integration)
2025-04-12T15:31:41.536-03:00  INFO 32677 --- [coletalixo] [           main] j.LocalContainerEntityManagerFactoryBean : Initialized JPA EntityManagerFactory for persistence unit 'default'
2025-04-12T15:31:41.639-03:00  INFO 32677 --- [coletalixo] [           main] r$InitializeUserDetailsManagerConfigurer : Global AuthenticationManager configured with UserDetailsService bean with name authorizationService
2025-04-12T15:31:41.647-03:00  WARN 32677 --- [coletalixo] [           main] JpaBaseConfiguration$JpaWebConfiguration : spring.jpa.open-in-view is enabled by default. Therefore, database queries may be performed during view rendering. Explicitly configure spring.jpa.open-in-view to disable this warning
2025-04-12T15:31:41.823-03:00  INFO 32677 --- [coletalixo] [           main] b.c.f.c.ColetalixoApplicationTests       : Started ColetalixoApplicationTests in 2.299 seconds (process running for 2.58)
]]></system-out>
    <system-err><![CDATA[WARNING: A Java agent has been loaded dynamically (/Users/guilsferreir/.m2/repository/net/bytebuddy/byte-buddy-agent/1.14.19/byte-buddy-agent-1.14.19.jar)
WARNING: If a serviceability tool is in use, please run with -XX:+EnableDynamicAgentLoading to hide this warning
WARNING: If a serviceability tool is not in use, please run with -Djdk.instrument.traceUsage for more information
WARNING: Dynamic loading of agents will be disallowed by default in a future release
]]></system-err>
  </testcase>
</testsuite>